<?xml version="1.0" encoding="UTF-8"?>
<coverage generated="1526894682478" clover="3.2.0">
  <project timestamp="1526894682478" name="All files">
    <metrics statements="132" coveredstatements="117" conditionals="62" coveredconditionals="39" methods="63" coveredmethods="56" elements="257" coveredelements="212" complexity="0" loc="132" ncloc="132" packages="13" files="33" classes="33">
      <package name="config">
        <metrics statements="1" coveredstatements="1" conditionals="0" coveredconditionals="0" methods="0" coveredmethods="0"/>
        <file name="enzyme.js" path="/Users/andy_zy/Documents/Projects/redditApp/config/enzyme.js">
          <metrics statements="1" coveredstatements="1" conditionals="0" coveredconditionals="0" methods="0" coveredmethods="0"/>
          <line num="4" count="12" type="stmt"/>
        </file>
      </package>
      <package name="src.components">
        <metrics statements="0" coveredstatements="0" conditionals="0" coveredconditionals="0" methods="0" coveredmethods="0"/>
        <file name="index.js" path="/Users/andy_zy/Documents/Projects/redditApp/src/components/index.js">
          <metrics statements="0" coveredstatements="0" conditionals="0" coveredconditionals="0" methods="0" coveredmethods="0"/>
        </file>
      </package>
      <package name="src.components.Favorite">
        <metrics statements="9" coveredstatements="5" conditionals="8" coveredconditionals="2" methods="4" coveredmethods="1"/>
        <file name="Favorite.container.js" path="/Users/andy_zy/Documents/Projects/redditApp/src/components/Favorite/Favorite.container.js">
          <metrics statements="7" coveredstatements="3" conditionals="6" coveredconditionals="0" methods="3" coveredmethods="0"/>
          <line num="7" count="5" type="stmt"/>
          <line num="12" count="5" type="stmt"/>
          <line num="17" count="5" type="stmt"/>
          <line num="18" count="0" type="cond" truecount="0" falsecount="2"/>
          <line num="19" count="0" type="cond" truecount="0" falsecount="2"/>
          <line num="20" count="0" type="cond" truecount="0" falsecount="2"/>
          <line num="23" count="0" type="stmt"/>
        </file>
        <file name="Favorite.js" path="/Users/andy_zy/Documents/Projects/redditApp/src/components/Favorite/Favorite.js">
          <metrics statements="2" coveredstatements="2" conditionals="2" coveredconditionals="2" methods="1" coveredmethods="1"/>
          <line num="12" count="7" type="stmt"/>
          <line num="13" count="4" type="stmt"/>
        </file>
        <file name="index.js" path="/Users/andy_zy/Documents/Projects/redditApp/src/components/Favorite/index.js">
          <metrics statements="0" coveredstatements="0" conditionals="0" coveredconditionals="0" methods="0" coveredmethods="0"/>
        </file>
        <file name="styles.js" path="/Users/andy_zy/Documents/Projects/redditApp/src/components/Favorite/styles.js">
          <metrics statements="0" coveredstatements="0" conditionals="0" coveredconditionals="0" methods="0" coveredmethods="0"/>
        </file>
      </package>
      <package name="src.components.OrientationHOC">
        <metrics statements="6" coveredstatements="6" conditionals="0" coveredconditionals="0" methods="4" coveredmethods="4"/>
        <file name="OrientationHOC.js" path="/Users/andy_zy/Documents/Projects/redditApp/src/components/OrientationHOC/OrientationHOC.js">
          <metrics statements="6" coveredstatements="6" conditionals="0" coveredconditionals="0" methods="4" coveredmethods="4"/>
          <line num="11" count="4" type="stmt"/>
          <line num="16" count="3" type="stmt"/>
          <line num="18" count="3" type="stmt"/>
          <line num="24" count="1" type="stmt"/>
          <line num="30" count="5" type="stmt"/>
          <line num="32" count="5" type="stmt"/>
        </file>
        <file name="index.js" path="/Users/andy_zy/Documents/Projects/redditApp/src/components/OrientationHOC/index.js">
          <metrics statements="0" coveredstatements="0" conditionals="0" coveredconditionals="0" methods="0" coveredmethods="0"/>
        </file>
      </package>
      <package name="src.domain">
        <metrics statements="32" coveredstatements="31" conditionals="6" coveredconditionals="3" methods="24" coveredmethods="24"/>
        <file name="actions.js" path="/Users/andy_zy/Documents/Projects/redditApp/src/domain/actions.js">
          <metrics statements="12" coveredstatements="11" conditionals="6" coveredconditionals="3" methods="9" coveredmethods="9"/>
          <line num="5" count="7" type="stmt"/>
          <line num="6" count="6" type="stmt"/>
          <line num="10" count="6" type="stmt"/>
          <line num="11" count="3" type="stmt"/>
          <line num="13" count="3" type="cond" truecount="3" falsecount="1"/>
          <line num="14" count="3" type="stmt"/>
          <line num="19" count="0" type="stmt"/>
          <line num="26" count="3" type="stmt"/>
          <line num="33" count="6" type="stmt"/>
          <line num="37" count="6" type="stmt"/>
          <line num="42" count="6" type="stmt"/>
          <line num="47" count="6" type="stmt"/>
        </file>
        <file name="constants.js" path="/Users/andy_zy/Documents/Projects/redditApp/src/domain/constants.js">
          <metrics statements="0" coveredstatements="0" conditionals="0" coveredconditionals="0" methods="0" coveredmethods="0"/>
        </file>
        <file name="reducers.js" path="/Users/andy_zy/Documents/Projects/redditApp/src/domain/reducers.js">
          <metrics statements="13" coveredstatements="13" conditionals="0" coveredconditionals="0" methods="8" coveredmethods="8"/>
          <line num="8" count="1" type="stmt"/>
          <line num="17" count="1" type="stmt"/>
          <line num="18" count="1" type="stmt"/>
          <line num="19" count="1" type="stmt"/>
          <line num="21" count="1" type="stmt"/>
          <line num="23" count="1" type="stmt"/>
          <line num="27" count="2" type="stmt"/>
          <line num="34" count="1" type="stmt"/>
          <line num="39" count="1" type="stmt"/>
          <line num="41" count="1" type="stmt"/>
          <line num="49" count="1" type="stmt"/>
          <line num="51" count="1" type="stmt"/>
          <line num="53" count="1" type="stmt"/>
        </file>
        <file name="selectors.js" path="/Users/andy_zy/Documents/Projects/redditApp/src/domain/selectors.js">
          <metrics statements="7" coveredstatements="7" conditionals="0" coveredconditionals="0" methods="7" coveredmethods="7"/>
          <line num="1" count="6" type="stmt"/>
          <line num="2" count="6" type="stmt"/>
          <line num="3" count="6" type="stmt"/>
          <line num="4" count="6" type="stmt"/>
          <line num="5" count="6" type="stmt"/>
          <line num="6" count="6" type="stmt"/>
          <line num="7" count="6" type="stmt"/>
        </file>
      </package>
      <package name="src.images">
        <metrics statements="4" coveredstatements="4" conditionals="0" coveredconditionals="0" methods="0" coveredmethods="0"/>
        <file name="No_Image_Available.png" path="/Users/andy_zy/Documents/Projects/redditApp/src/images/No_Image_Available.png">
          <metrics statements="1" coveredstatements="1" conditionals="0" coveredconditionals="0" methods="0" coveredmethods="0"/>
          <line num="1" count="1" type="stmt"/>
        </file>
        <file name="marked_favorite.png" path="/Users/andy_zy/Documents/Projects/redditApp/src/images/marked_favorite.png">
          <metrics statements="1" coveredstatements="1" conditionals="0" coveredconditionals="0" methods="0" coveredmethods="0"/>
          <line num="1" count="1" type="stmt"/>
        </file>
        <file name="oops.png" path="/Users/andy_zy/Documents/Projects/redditApp/src/images/oops.png">
          <metrics statements="1" coveredstatements="1" conditionals="0" coveredconditionals="0" methods="0" coveredmethods="0"/>
          <line num="1" count="1" type="stmt"/>
        </file>
        <file name="unmarked_favorite.png" path="/Users/andy_zy/Documents/Projects/redditApp/src/images/unmarked_favorite.png">
          <metrics statements="1" coveredstatements="1" conditionals="0" coveredconditionals="0" methods="0" coveredmethods="0"/>
          <line num="1" count="2" type="stmt"/>
        </file>
      </package>
      <package name="src.services">
        <metrics statements="2" coveredstatements="1" conditionals="0" coveredconditionals="0" methods="1" coveredmethods="0"/>
        <file name="api.js" path="/Users/andy_zy/Documents/Projects/redditApp/src/services/api.js">
          <metrics statements="2" coveredstatements="1" conditionals="0" coveredconditionals="0" methods="1" coveredmethods="0"/>
          <line num="5" count="6" type="stmt"/>
          <line num="6" count="0" type="stmt"/>
        </file>
      </package>
      <package name="src.styles">
        <metrics statements="0" coveredstatements="0" conditionals="0" coveredconditionals="0" methods="0" coveredmethods="0"/>
        <file name="index.js" path="/Users/andy_zy/Documents/Projects/redditApp/src/styles/index.js">
          <metrics statements="0" coveredstatements="0" conditionals="0" coveredconditionals="0" methods="0" coveredmethods="0"/>
        </file>
        <file name="layout.js" path="/Users/andy_zy/Documents/Projects/redditApp/src/styles/layout.js">
          <metrics statements="0" coveredstatements="0" conditionals="0" coveredconditionals="0" methods="0" coveredmethods="0"/>
        </file>
      </package>
      <package name="src.utils">
        <metrics statements="13" coveredstatements="13" conditionals="9" coveredconditionals="4" methods="4" coveredmethods="4"/>
        <file name="createReducer.js" path="/Users/andy_zy/Documents/Projects/redditApp/src/utils/createReducer.js">
          <metrics statements="7" coveredstatements="7" conditionals="5" coveredconditionals="3" methods="2" coveredmethods="2"/>
          <line num="4" count="1" type="stmt"/>
          <line num="5" count="1" type="cond" truecount="1" falsecount="0"/>
          <line num="6" count="7" type="stmt"/>
          <line num="7" count="7" type="stmt"/>
          <line num="9" count="7" type="cond" truecount="1" falsecount="1"/>
          <line num="10" count="7" type="stmt"/>
          <line num="13" count="7" type="cond" truecount="1" falsecount="1"/>
        </file>
        <file name="deviceOrientation.js" path="/Users/andy_zy/Documents/Projects/redditApp/src/utils/deviceOrientation.js">
          <metrics statements="2" coveredstatements="2" conditionals="2" coveredconditionals="1" methods="1" coveredmethods="1"/>
          <line num="6" count="4" type="stmt"/>
          <line num="8" count="4" type="cond" truecount="1" falsecount="1"/>
        </file>
        <file name="endpoints.js" path="/Users/andy_zy/Documents/Projects/redditApp/src/utils/endpoints.js">
          <metrics statements="4" coveredstatements="4" conditionals="2" coveredconditionals="0" methods="1" coveredmethods="1"/>
          <line num="1" count="6" type="stmt"/>
          <line num="2" count="6" type="stmt"/>
          <line num="4" count="6" type="stmt"/>
          <line num="6" count="8" type="stmt"/>
        </file>
      </package>
      <package name="src.views.Articles">
        <metrics statements="34" coveredstatements="34" conditionals="18" coveredconditionals="17" methods="13" coveredmethods="13"/>
        <file name="Articles.js" path="/Users/andy_zy/Documents/Projects/redditApp/src/views/Articles/Articles.js">
          <metrics statements="34" coveredstatements="34" conditionals="18" coveredconditionals="17" methods="13" coveredmethods="13"/>
          <line num="24" count="15" type="stmt"/>
          <line num="26" count="15" type="stmt"/>
          <line num="35" count="15" type="stmt"/>
          <line num="43" count="5" type="stmt"/>
          <line num="48" count="5" type="stmt"/>
          <line num="50" count="5" type="stmt"/>
          <line num="55" count="5" type="cond" truecount="5" falsecount="0"/>
          <line num="56" count="1" type="stmt"/>
          <line num="60" count="5" type="cond" truecount="5" falsecount="0"/>
          <line num="61" count="1" type="stmt"/>
          <line num="66" count="1" type="stmt"/>
          <line num="68" count="1" type="stmt"/>
          <line num="72" count="3" type="stmt"/>
          <line num="74" count="3" type="stmt"/>
          <line num="75" count="2" type="stmt"/>
          <line num="76" count="2" type="stmt"/>
          <line num="80" count="2" type="stmt"/>
          <line num="81" count="1" type="stmt"/>
          <line num="87" count="2" type="stmt"/>
          <line num="89" count="2" type="stmt"/>
          <line num="93" count="2" type="cond" truecount="4" falsecount="0"/>
          <line num="94" count="1" type="stmt"/>
          <line num="96" count="1" type="stmt"/>
          <line num="97" count="3" type="stmt"/>
          <line num="98" count="1" type="stmt"/>
          <line num="101" count="1" type="stmt"/>
          <line num="109" count="17" type="stmt"/>
          <line num="110" count="17" type="stmt"/>
          <line num="111" count="17" type="cond" truecount="2" falsecount="0"/>
          <line num="113" count="17" type="cond" truecount="1" falsecount="1"/>
          <line num="114" count="17" type="stmt"/>
          <line num="124" count="30" type="stmt"/>
          <line num="131" count="30" type="stmt"/>
          <line num="133" count="30" type="stmt"/>
        </file>
        <file name="styles.js" path="/Users/andy_zy/Documents/Projects/redditApp/src/views/Articles/styles.js">
          <metrics statements="0" coveredstatements="0" conditionals="0" coveredconditionals="0" methods="0" coveredmethods="0"/>
        </file>
      </package>
      <package name="src.views.Articles.components">
        <metrics statements="27" coveredstatements="18" conditionals="20" coveredconditionals="13" methods="11" coveredmethods="8"/>
        <file name="ArticleList.Animated.js" path="/Users/andy_zy/Documents/Projects/redditApp/src/views/Articles/components/ArticleList.Animated.js">
          <metrics statements="7" coveredstatements="0" conditionals="0" coveredconditionals="0" methods="3" coveredmethods="0"/>
          <line num="17" count="0" type="stmt"/>
          <line num="19" count="0" type="stmt"/>
          <line num="21" count="0" type="stmt"/>
          <line num="27" count="0" type="stmt"/>
          <line num="29" count="0" type="stmt"/>
          <line num="36" count="0" type="stmt"/>
          <line num="38" count="0" type="stmt"/>
        </file>
        <file name="ArticleList.js" path="/Users/andy_zy/Documents/Projects/redditApp/src/views/Articles/components/ArticleList.js">
          <metrics statements="4" coveredstatements="4" conditionals="2" coveredconditionals="2" methods="3" coveredmethods="3"/>
          <line num="16" count="5" type="stmt"/>
          <line num="18" count="5" type="stmt"/>
          <line num="20" count="5" type="stmt"/>
          <line num="28" count="5" type="stmt"/>
        </file>
        <file name="ListItem.js" path="/Users/andy_zy/Documents/Projects/redditApp/src/views/Articles/components/ListItem.js">
          <metrics statements="10" coveredstatements="8" conditionals="13" coveredconditionals="7" methods="2" coveredmethods="2"/>
          <line num="18" count="5" type="stmt"/>
          <line num="19" count="2" type="cond" truecount="2" falsecount="1"/>
          <line num="21" count="2" type="cond" truecount="1" falsecount="1"/>
          <line num="22" count="2" type="stmt"/>
          <line num="25" count="0" type="stmt"/>
          <line num="31" count="0" type="stmt"/>
          <line num="34" count="5" type="stmt"/>
          <line num="35" count="2" type="stmt"/>
          <line num="36" count="2" type="stmt"/>
          <line num="38" count="2" type="stmt"/>
        </file>
        <file name="Search.js" path="/Users/andy_zy/Documents/Projects/redditApp/src/views/Articles/components/Search.js">
          <metrics statements="2" coveredstatements="2" conditionals="0" coveredconditionals="0" methods="1" coveredmethods="1"/>
          <line num="12" count="5" type="stmt"/>
          <line num="13" count="2" type="stmt"/>
        </file>
        <file name="Tabs.js" path="/Users/andy_zy/Documents/Projects/redditApp/src/views/Articles/components/Tabs.js">
          <metrics statements="4" coveredstatements="4" conditionals="5" coveredconditionals="4" methods="2" coveredmethods="2"/>
          <line num="13" count="5" type="stmt"/>
          <line num="15" count="5" type="cond" truecount="0" falsecount="1"/>
          <line num="16" count="2" type="stmt"/>
          <line num="19" count="4" type="stmt"/>
        </file>
        <file name="index.js" path="/Users/andy_zy/Documents/Projects/redditApp/src/views/Articles/components/index.js">
          <metrics statements="0" coveredstatements="0" conditionals="0" coveredconditionals="0" methods="0" coveredmethods="0"/>
        </file>
      </package>
      <package name="src.views.Browser">
        <metrics statements="2" coveredstatements="2" conditionals="0" coveredconditionals="0" methods="1" coveredmethods="1"/>
        <file name="Browser.js" path="/Users/andy_zy/Documents/Projects/redditApp/src/views/Browser/Browser.js">
          <metrics statements="2" coveredstatements="2" conditionals="0" coveredconditionals="0" methods="1" coveredmethods="1"/>
          <line num="16" count="1" type="stmt"/>
          <line num="18" count="1" type="stmt"/>
        </file>
      </package>
      <package name="src.views.Error">
        <metrics statements="2" coveredstatements="2" conditionals="1" coveredconditionals="0" methods="1" coveredmethods="1"/>
        <file name="Error.js" path="/Users/andy_zy/Documents/Projects/redditApp/src/views/Error/Error.js">
          <metrics statements="2" coveredstatements="2" conditionals="1" coveredconditionals="0" methods="1" coveredmethods="1"/>
          <line num="21" count="1" type="cond" truecount="0" falsecount="1"/>
          <line num="23" count="1" type="stmt"/>
        </file>
        <file name="styles.js" path="/Users/andy_zy/Documents/Projects/redditApp/src/views/Error/styles.js">
          <metrics statements="0" coveredstatements="0" conditionals="0" coveredconditionals="0" methods="0" coveredmethods="0"/>
        </file>
      </package>
    </metrics>
  </project>
</coverage>
