{"/Users/andy_zy/Documents/Projects/redditApp/config/enzyme.js": {"path":"/Users/andy_zy/Documents/Projects/redditApp/config/enzyme.js","statementMap":{"0":{"start":{"line":4,"column":0},"end":{"line":4,"column":44}}},"fnMap":{},"branchMap":{},"s":{"0":12},"f":{},"b":{},"_coverageSchema":"332fd63041d2c1bcb487cc26dd0d5f7d97098a6c","hash":"873a2d3a2106c48a0d8132b55f1524ca4f2af428"}
,"/Users/andy_zy/Documents/Projects/redditApp/src/components/index.js": {"path":"/Users/andy_zy/Documents/Projects/redditApp/src/components/index.js","statementMap":{},"fnMap":{},"branchMap":{},"s":{},"f":{},"b":{},"_coverageSchema":"332fd63041d2c1bcb487cc26dd0d5f7d97098a6c","hash":"8df4837272d6819d1dc5d30d8ff4d56c087f545b"}
,"/Users/andy_zy/Documents/Projects/redditApp/src/components/Favorite/Favorite.container.js": {"path":"/Users/andy_zy/Documents/Projects/redditApp/src/components/Favorite/Favorite.container.js","statementMap":{"0":{"start":{"line":7,"column":24},"end":{"line":10,"column":2}},"1":{"start":{"line":7,"column":36},"end":{"line":10,"column":1}},"2":{"start":{"line":12,"column":26},"end":{"line":15,"column":1}},"3":{"start":{"line":17,"column":19},"end":{"line":27,"column":1}},"4":{"start":{"line":18,"column":18},"end":{"line":18,"column":62}},"5":{"start":{"line":19,"column":21},"end":{"line":19,"column":79}},"6":{"start":{"line":20,"column":25},"end":{"line":21,"column":81}},"7":{"start":{"line":20,"column":31},"end":{"line":21,"column":81}},"8":{"start":{"line":23,"column":2},"end":{"line":26,"column":3}}},"fnMap":{"0":{"name":"(anonymous_0)","decl":{"start":{"line":7,"column":24},"end":{"line":7,"column":25}},"loc":{"start":{"line":7,"column":36},"end":{"line":10,"column":1}},"line":7},"1":{"name":"(anonymous_1)","decl":{"start":{"line":17,"column":19},"end":{"line":17,"column":20}},"loc":{"start":{"line":17,"column":60},"end":{"line":27,"column":1}},"line":17},"2":{"name":"(anonymous_2)","decl":{"start":{"line":20,"column":25},"end":{"line":20,"column":26}},"loc":{"start":{"line":20,"column":31},"end":{"line":21,"column":81}},"line":20}},"branchMap":{"0":{"loc":{"start":{"line":18,"column":18},"end":{"line":18,"column":62}},"type":"binary-expr","locations":[{"start":{"line":18,"column":18},"end":{"line":18,"column":34}},{"start":{"line":18,"column":38},"end":{"line":18,"column":62}}],"line":18},"1":{"loc":{"start":{"line":19,"column":21},"end":{"line":19,"column":79}},"type":"binary-expr","locations":[{"start":{"line":19,"column":21},"end":{"line":19,"column":30}},{"start":{"line":19,"column":34},"end":{"line":19,"column":79}}],"line":19},"2":{"loc":{"start":{"line":20,"column":31},"end":{"line":21,"column":81}},"type":"cond-expr","locations":[{"start":{"line":21,"column":4},"end":{"line":21,"column":44}},{"start":{"line":21,"column":47},"end":{"line":21,"column":81}}],"line":20}},"s":{"0":5,"1":0,"2":5,"3":5,"4":0,"5":0,"6":0,"7":0,"8":0},"f":{"0":0,"1":0,"2":0},"b":{"0":[0,0],"1":[0,0],"2":[0,0]},"_coverageSchema":"332fd63041d2c1bcb487cc26dd0d5f7d97098a6c","hash":"74ef608eb428be1410dc5882b05b9ae6910f264f"}
,"/Users/andy_zy/Documents/Projects/redditApp/src/components/Favorite/Favorite.js": {"path":"/Users/andy_zy/Documents/Projects/redditApp/src/components/Favorite/Favorite.js","statementMap":{"0":{"start":{"line":12,"column":17},"end":{"line":22,"column":1}},"1":{"start":{"line":13,"column":2},"end":{"line":21,"column":23}}},"fnMap":{"0":{"name":"(anonymous_0)","decl":{"start":{"line":12,"column":17},"end":{"line":12,"column":18}},"loc":{"start":{"line":13,"column":2},"end":{"line":21,"column":23}},"line":13}},"branchMap":{"0":{"loc":{"start":{"line":15,"column":6},"end":{"line":19,"column":7}},"type":"cond-expr","locations":[{"start":{"line":16,"column":8},"end":{"line":16,"column":90}},{"start":{"line":18,"column":8},"end":{"line":18,"column":92}}],"line":15}},"s":{"0":7,"1":4},"f":{"0":4},"b":{"0":[1,3]},"_coverageSchema":"332fd63041d2c1bcb487cc26dd0d5f7d97098a6c","hash":"0c11c6a140369ebedb7c68f4b2dc023e4cb82250"}
,"/Users/andy_zy/Documents/Projects/redditApp/src/components/Favorite/index.js": {"path":"/Users/andy_zy/Documents/Projects/redditApp/src/components/Favorite/index.js","statementMap":{},"fnMap":{},"branchMap":{},"s":{},"f":{},"b":{},"_coverageSchema":"332fd63041d2c1bcb487cc26dd0d5f7d97098a6c","hash":"ebd5df23163ca250e195d0967886ad8c7b46b529"}
,"/Users/andy_zy/Documents/Projects/redditApp/src/components/Favorite/styles.js": {"path":"/Users/andy_zy/Documents/Projects/redditApp/src/components/Favorite/styles.js","statementMap":{},"fnMap":{},"branchMap":{},"s":{},"f":{},"b":{},"_coverageSchema":"332fd63041d2c1bcb487cc26dd0d5f7d97098a6c","hash":"ebaea976200027ac884aab0ae2481b288cd81d19"}
,"/Users/andy_zy/Documents/Projects/redditApp/src/components/OrientationHOC/OrientationHOC.js": {"path":"/Users/andy_zy/Documents/Projects/redditApp/src/components/OrientationHOC/OrientationHOC.js","statementMap":{"0":{"start":{"line":11,"column":39},"end":{"line":38,"column":1}},"1":{"start":{"line":16,"column":4},"end":{"line":16,"column":16}},"2":{"start":{"line":18,"column":4},"end":{"line":20,"column":5}},"3":{"start":{"line":24,"column":4},"end":{"line":26,"column":6}},"4":{"start":{"line":30,"column":28},"end":{"line":30,"column":38}},"5":{"start":{"line":32,"column":4},"end":{"line":36,"column":5}}},"fnMap":{"0":{"name":"(anonymous_0)","decl":{"start":{"line":11,"column":15},"end":{"line":11,"column":16}},"loc":{"start":{"line":11,"column":39},"end":{"line":38,"column":1}},"line":11},"1":{"name":"(anonymous_1)","decl":{"start":{"line":15,"column":2},"end":{"line":15,"column":3}},"loc":{"start":{"line":15,"column":29},"end":{"line":21,"column":3}},"line":15},"2":{"name":"(anonymous_2)","decl":{"start":{"line":23,"column":23},"end":{"line":23,"column":24}},"loc":{"start":{"line":23,"column":29},"end":{"line":27,"column":3}},"line":23},"3":{"name":"(anonymous_3)","decl":{"start":{"line":29,"column":2},"end":{"line":29,"column":3}},"loc":{"start":{"line":29,"column":11},"end":{"line":37,"column":3}},"line":29}},"branchMap":{},"s":{"0":4,"1":3,"2":3,"3":1,"4":5,"5":5},"f":{"0":4,"1":3,"2":1,"3":5},"b":{},"_coverageSchema":"332fd63041d2c1bcb487cc26dd0d5f7d97098a6c","hash":"b5d9fac85afc9f9a99f652ccdbbc4285ee8af9dc"}
,"/Users/andy_zy/Documents/Projects/redditApp/src/components/OrientationHOC/index.js": {"path":"/Users/andy_zy/Documents/Projects/redditApp/src/components/OrientationHOC/index.js","statementMap":{},"fnMap":{},"branchMap":{},"s":{},"f":{},"b":{},"_coverageSchema":"332fd63041d2c1bcb487cc26dd0d5f7d97098a6c","hash":"4140b4ff74a4a5a4963d68d62f42bcdaa3e0bf86"}
,"/Users/andy_zy/Documents/Projects/redditApp/src/domain/actions.js": {"path":"/Users/andy_zy/Documents/Projects/redditApp/src/domain/actions.js","statementMap":{"0":{"start":{"line":5,"column":37},"end":{"line":31,"column":1}},"1":{"start":{"line":5,"column":65},"end":{"line":31,"column":1}},"2":{"start":{"line":6,"column":2},"end":{"line":8,"column":4}},"3":{"start":{"line":10,"column":2},"end":{"line":30,"column":6}},"4":{"start":{"line":11,"column":24},"end":{"line":11,"column":39}},"5":{"start":{"line":13,"column":6},"end":{"line":23,"column":7}},"6":{"start":{"line":14,"column":8},"end":{"line":17,"column":10}},"7":{"start":{"line":19,"column":8},"end":{"line":22,"column":10}},"8":{"start":{"line":26,"column":6},"end":{"line":29,"column":8}},"9":{"start":{"line":33,"column":31},"end":{"line":35,"column":2}},"10":{"start":{"line":33,"column":38},"end":{"line":35,"column":1}},"11":{"start":{"line":37,"column":32},"end":{"line":40,"column":2}},"12":{"start":{"line":37,"column":52},"end":{"line":40,"column":1}},"13":{"start":{"line":42,"column":27},"end":{"line":45,"column":2}},"14":{"start":{"line":42,"column":41},"end":{"line":45,"column":1}},"15":{"start":{"line":47,"column":30},"end":{"line":50,"column":2}},"16":{"start":{"line":47,"column":39},"end":{"line":50,"column":1}}},"fnMap":{"0":{"name":"(anonymous_0)","decl":{"start":{"line":5,"column":37},"end":{"line":5,"column":38}},"loc":{"start":{"line":5,"column":65},"end":{"line":31,"column":1}},"line":5},"1":{"name":"(anonymous_1)","decl":{"start":{"line":5,"column":65},"end":{"line":5,"column":66}},"loc":{"start":{"line":5,"column":79},"end":{"line":31,"column":1}},"line":5},"2":{"name":"(anonymous_2)","decl":{"start":{"line":11,"column":10},"end":{"line":11,"column":11}},"loc":{"start":{"line":11,"column":24},"end":{"line":11,"column":39}},"line":11},"3":{"name":"(anonymous_3)","decl":{"start":{"line":12,"column":10},"end":{"line":12,"column":11}},"loc":{"start":{"line":12,"column":33},"end":{"line":24,"column":5}},"line":12},"4":{"name":"(anonymous_4)","decl":{"start":{"line":25,"column":11},"end":{"line":25,"column":12}},"loc":{"start":{"line":25,"column":26},"end":{"line":30,"column":5}},"line":25},"5":{"name":"(anonymous_5)","decl":{"start":{"line":33,"column":31},"end":{"line":33,"column":32}},"loc":{"start":{"line":33,"column":38},"end":{"line":35,"column":1}},"line":33},"6":{"name":"(anonymous_6)","decl":{"start":{"line":37,"column":32},"end":{"line":37,"column":33}},"loc":{"start":{"line":37,"column":52},"end":{"line":40,"column":1}},"line":37},"7":{"name":"(anonymous_7)","decl":{"start":{"line":42,"column":27},"end":{"line":42,"column":28}},"loc":{"start":{"line":42,"column":41},"end":{"line":45,"column":1}},"line":42},"8":{"name":"(anonymous_8)","decl":{"start":{"line":47,"column":30},"end":{"line":47,"column":31}},"loc":{"start":{"line":47,"column":39},"end":{"line":50,"column":1}},"line":47}},"branchMap":{"0":{"loc":{"start":{"line":13,"column":6},"end":{"line":23,"column":7}},"type":"if","locations":[{"start":{"line":13,"column":6},"end":{"line":23,"column":7}},{"start":{"line":13,"column":6},"end":{"line":23,"column":7}}],"line":13},"1":{"loc":{"start":{"line":13,"column":10},"end":{"line":13,"column":31}},"type":"binary-expr","locations":[{"start":{"line":13,"column":10},"end":{"line":13,"column":14}},{"start":{"line":13,"column":18},"end":{"line":13,"column":31}}],"line":13},"2":{"loc":{"start":{"line":21,"column":28},"end":{"line":21,"column":55}},"type":"binary-expr","locations":[{"start":{"line":21,"column":28},"end":{"line":21,"column":35}},{"start":{"line":21,"column":39},"end":{"line":21,"column":55}}],"line":21}},"s":{"0":6,"1":7,"2":6,"3":6,"4":3,"5":3,"6":3,"7":0,"8":3,"9":6,"10":1,"11":6,"12":1,"13":6,"14":1,"15":6,"16":1},"f":{"0":7,"1":6,"2":3,"3":3,"4":3,"5":1,"6":1,"7":1,"8":1},"b":{"0":[3,0],"1":[3,3],"2":[0,0]},"_coverageSchema":"332fd63041d2c1bcb487cc26dd0d5f7d97098a6c","hash":"48fea0c459d63803c15ffed4c7ba461e90ba7f37"}
,"/Users/andy_zy/Documents/Projects/redditApp/src/domain/constants.js": {"path":"/Users/andy_zy/Documents/Projects/redditApp/src/domain/constants.js","statementMap":{},"fnMap":{},"branchMap":{},"s":{},"f":{},"b":{},"_coverageSchema":"332fd63041d2c1bcb487cc26dd0d5f7d97098a6c","hash":"390b9d621df8a2248b0877fc38fc024e1edbbb61"}
,"/Users/andy_zy/Documents/Projects/redditApp/src/domain/reducers.js": {"path":"/Users/andy_zy/Documents/Projects/redditApp/src/domain/reducers.js","statementMap":{"0":{"start":{"line":8,"column":37},"end":{"line":15,"column":1}},"1":{"start":{"line":17,"column":28},"end":{"line":57,"column":1}},"2":{"start":{"line":18,"column":36},"end":{"line":18,"column":91}},"3":{"start":{"line":19,"column":60},"end":{"line":19,"column":119}},"4":{"start":{"line":21,"column":18},"end":{"line":21,"column":57}},"5":{"start":{"line":23,"column":4},"end":{"line":31,"column":5}},"6":{"start":{"line":27,"column":68},"end":{"line":27,"column":95}},"7":{"start":{"line":34,"column":40},"end":{"line":37,"column":3}},"8":{"start":{"line":39,"column":66},"end":{"line":39,"column":83}},"9":{"start":{"line":41,"column":54},"end":{"line":46,"column":3}},"10":{"start":{"line":49,"column":25},"end":{"line":49,"column":47}},"11":{"start":{"line":51,"column":4},"end":{"line":51,"column":27}},"12":{"start":{"line":53,"column":4},"end":{"line":55,"column":5}}},"fnMap":{"0":{"name":"(anonymous_0)","decl":{"start":{"line":18,"column":29},"end":{"line":18,"column":30}},"loc":{"start":{"line":18,"column":36},"end":{"line":18,"column":91}},"line":18},"1":{"name":"(anonymous_1)","decl":{"start":{"line":19,"column":37},"end":{"line":19,"column":38}},"loc":{"start":{"line":19,"column":60},"end":{"line":19,"column":119}},"line":19},"2":{"name":"(anonymous_2)","decl":{"start":{"line":20,"column":37},"end":{"line":20,"column":38}},"loc":{"start":{"line":20,"column":62},"end":{"line":32,"column":3}},"line":20},"3":{"name":"(anonymous_3)","decl":{"start":{"line":27,"column":24},"end":{"line":27,"column":25}},"loc":{"start":{"line":27,"column":68},"end":{"line":27,"column":95}},"line":27},"4":{"name":"(anonymous_4)","decl":{"start":{"line":34,"column":33},"end":{"line":34,"column":34}},"loc":{"start":{"line":34,"column":40},"end":{"line":37,"column":3}},"line":34},"5":{"name":"(anonymous_5)","decl":{"start":{"line":39,"column":35},"end":{"line":39,"column":36}},"loc":{"start":{"line":39,"column":66},"end":{"line":39,"column":83}},"line":39},"6":{"name":"(anonymous_6)","decl":{"start":{"line":41,"column":29},"end":{"line":41,"column":30}},"loc":{"start":{"line":41,"column":54},"end":{"line":46,"column":3}},"line":41},"7":{"name":"(anonymous_7)","decl":{"start":{"line":48,"column":32},"end":{"line":48,"column":33}},"loc":{"start":{"line":48,"column":51},"end":{"line":56,"column":3}},"line":48}},"branchMap":{},"s":{"0":1,"1":1,"2":1,"3":1,"4":1,"5":1,"6":2,"7":1,"8":1,"9":1,"10":1,"11":1,"12":1},"f":{"0":1,"1":1,"2":1,"3":2,"4":1,"5":1,"6":1,"7":1},"b":{},"_coverageSchema":"332fd63041d2c1bcb487cc26dd0d5f7d97098a6c","hash":"43e258426fb185229ac2d3086e3711b89dfd53c3"}
,"/Users/andy_zy/Documents/Projects/redditApp/src/domain/selectors.js": {"path":"/Users/andy_zy/Documents/Projects/redditApp/src/domain/selectors.js","statementMap":{"0":{"start":{"line":1,"column":29},"end":{"line":1,"column":49}},"1":{"start":{"line":1,"column":38},"end":{"line":1,"column":49}},"2":{"start":{"line":2,"column":32},"end":{"line":2,"column":55}},"3":{"start":{"line":2,"column":41},"end":{"line":2,"column":55}},"4":{"start":{"line":3,"column":33},"end":{"line":3,"column":72}},"5":{"start":{"line":3,"column":42},"end":{"line":3,"column":72}},"6":{"start":{"line":4,"column":37},"end":{"line":4,"column":74}},"7":{"start":{"line":4,"column":46},"end":{"line":4,"column":74}},"8":{"start":{"line":5,"column":42},"end":{"line":5,"column":75}},"9":{"start":{"line":5,"column":51},"end":{"line":5,"column":75}},"10":{"start":{"line":6,"column":45},"end":{"line":6,"column":81}},"11":{"start":{"line":6,"column":54},"end":{"line":6,"column":81}},"12":{"start":{"line":7,"column":37},"end":{"line":7,"column":65}},"13":{"start":{"line":7,"column":46},"end":{"line":7,"column":65}}},"fnMap":{"0":{"name":"(anonymous_0)","decl":{"start":{"line":1,"column":29},"end":{"line":1,"column":30}},"loc":{"start":{"line":1,"column":38},"end":{"line":1,"column":49}},"line":1},"1":{"name":"(anonymous_1)","decl":{"start":{"line":2,"column":32},"end":{"line":2,"column":33}},"loc":{"start":{"line":2,"column":41},"end":{"line":2,"column":55}},"line":2},"2":{"name":"(anonymous_2)","decl":{"start":{"line":3,"column":33},"end":{"line":3,"column":34}},"loc":{"start":{"line":3,"column":42},"end":{"line":3,"column":72}},"line":3},"3":{"name":"(anonymous_3)","decl":{"start":{"line":4,"column":37},"end":{"line":4,"column":38}},"loc":{"start":{"line":4,"column":46},"end":{"line":4,"column":74}},"line":4},"4":{"name":"(anonymous_4)","decl":{"start":{"line":5,"column":42},"end":{"line":5,"column":43}},"loc":{"start":{"line":5,"column":51},"end":{"line":5,"column":75}},"line":5},"5":{"name":"(anonymous_5)","decl":{"start":{"line":6,"column":45},"end":{"line":6,"column":46}},"loc":{"start":{"line":6,"column":54},"end":{"line":6,"column":81}},"line":6},"6":{"name":"(anonymous_6)","decl":{"start":{"line":7,"column":37},"end":{"line":7,"column":38}},"loc":{"start":{"line":7,"column":46},"end":{"line":7,"column":65}},"line":7}},"branchMap":{},"s":{"0":6,"1":1,"2":6,"3":1,"4":6,"5":1,"6":6,"7":1,"8":6,"9":1,"10":6,"11":1,"12":6,"13":1},"f":{"0":1,"1":1,"2":1,"3":1,"4":1,"5":1,"6":1},"b":{},"_coverageSchema":"332fd63041d2c1bcb487cc26dd0d5f7d97098a6c","hash":"5ada881e4ff54e93e9c4271a12741380dbd040a2"}
,"/Users/andy_zy/Documents/Projects/redditApp/src/images/No_Image_Available.png": {"path":"/Users/andy_zy/Documents/Projects/redditApp/src/images/No_Image_Available.png","statementMap":{"0":{"start":{"line":1,"column":0},"end":{"line":3,"column":6}}},"fnMap":{},"branchMap":{},"s":{"0":1},"f":{},"b":{},"_coverageSchema":"332fd63041d2c1bcb487cc26dd0d5f7d97098a6c","hash":"a30f02eb058f4865514deed4bfa6fa98f3f40af5"}
,"/Users/andy_zy/Documents/Projects/redditApp/src/images/marked_favorite.png": {"path":"/Users/andy_zy/Documents/Projects/redditApp/src/images/marked_favorite.png","statementMap":{"0":{"start":{"line":1,"column":0},"end":{"line":3,"column":6}}},"fnMap":{},"branchMap":{},"s":{"0":1},"f":{},"b":{},"_coverageSchema":"332fd63041d2c1bcb487cc26dd0d5f7d97098a6c","hash":"9428ea0c5a12470c6aa92ba1320a37d2d2963067"}
,"/Users/andy_zy/Documents/Projects/redditApp/src/images/oops.png": {"path":"/Users/andy_zy/Documents/Projects/redditApp/src/images/oops.png","statementMap":{"0":{"start":{"line":1,"column":0},"end":{"line":3,"column":6}}},"fnMap":{},"branchMap":{},"s":{"0":1},"f":{},"b":{},"_coverageSchema":"332fd63041d2c1bcb487cc26dd0d5f7d97098a6c","hash":"99d3301759cc85fe110c53fe610ac17e73ec401f"}
,"/Users/andy_zy/Documents/Projects/redditApp/src/images/unmarked_favorite.png": {"path":"/Users/andy_zy/Documents/Projects/redditApp/src/images/unmarked_favorite.png","statementMap":{"0":{"start":{"line":1,"column":0},"end":{"line":3,"column":6}}},"fnMap":{},"branchMap":{},"s":{"0":2},"f":{},"b":{},"_coverageSchema":"332fd63041d2c1bcb487cc26dd0d5f7d97098a6c","hash":"1e9a07d2dd4e1bca32a6f0ced3aadf0c6fc49c6d"}
,"/Users/andy_zy/Documents/Projects/redditApp/src/services/api.js": {"path":"/Users/andy_zy/Documents/Projects/redditApp/src/services/api.js","statementMap":{"0":{"start":{"line":5,"column":12},"end":{"line":8,"column":1}},"1":{"start":{"line":6,"column":24},"end":{"line":6,"column":42}}},"fnMap":{"0":{"name":"(anonymous_0)","decl":{"start":{"line":6,"column":7},"end":{"line":6,"column":8}},"loc":{"start":{"line":6,"column":24},"end":{"line":6,"column":42}},"line":6}},"branchMap":{},"s":{"0":6,"1":0},"f":{"0":0},"b":{},"_coverageSchema":"332fd63041d2c1bcb487cc26dd0d5f7d97098a6c","hash":"ef7ad4b7a780629ef2ca69727a3e5a63efc463d0"}
,"/Users/andy_zy/Documents/Projects/redditApp/src/styles/index.js": {"path":"/Users/andy_zy/Documents/Projects/redditApp/src/styles/index.js","statementMap":{},"fnMap":{},"branchMap":{},"s":{},"f":{},"b":{},"_coverageSchema":"332fd63041d2c1bcb487cc26dd0d5f7d97098a6c","hash":"b6dcea45a33d761fdf7f1183b43b3c196ead0f4e"}
,"/Users/andy_zy/Documents/Projects/redditApp/src/styles/layout.js": {"path":"/Users/andy_zy/Documents/Projects/redditApp/src/styles/layout.js","statementMap":{},"fnMap":{},"branchMap":{},"s":{},"f":{},"b":{},"_coverageSchema":"332fd63041d2c1bcb487cc26dd0d5f7d97098a6c","hash":"9a1e603cd6e22c4fa6dbcf5069a03fb1e506e23d"}
,"/Users/andy_zy/Documents/Projects/redditApp/src/utils/createReducer.js": {"path":"/Users/andy_zy/Documents/Projects/redditApp/src/utils/createReducer.js","statementMap":{"0":{"start":{"line":4,"column":29},"end":{"line":15,"column":1}},"1":{"start":{"line":5,"column":2},"end":{"line":14,"column":3}},"2":{"start":{"line":6,"column":23},"end":{"line":6,"column":28}},"3":{"start":{"line":7,"column":20},"end":{"line":7,"column":43}},"4":{"start":{"line":9,"column":4},"end":{"line":11,"column":5}},"5":{"start":{"line":10,"column":6},"end":{"line":10,"column":59}},"6":{"start":{"line":13,"column":4},"end":{"line":13,"column":73}}},"fnMap":{"0":{"name":"(anonymous_0)","decl":{"start":{"line":4,"column":29},"end":{"line":4,"column":30}},"loc":{"start":{"line":4,"column":75},"end":{"line":15,"column":1}},"line":4},"1":{"name":"(anonymous_1)","decl":{"start":{"line":5,"column":9},"end":{"line":5,"column":10}},"loc":{"start":{"line":5,"column":60},"end":{"line":14,"column":3}},"line":5}},"branchMap":{"0":{"loc":{"start":{"line":5,"column":10},"end":{"line":5,"column":38}},"type":"default-arg","locations":[{"start":{"line":5,"column":26},"end":{"line":5,"column":38}}],"line":5},"1":{"loc":{"start":{"line":9,"column":4},"end":{"line":11,"column":5}},"type":"if","locations":[{"start":{"line":9,"column":4},"end":{"line":11,"column":5}},{"start":{"line":9,"column":4},"end":{"line":11,"column":5}}],"line":9},"2":{"loc":{"start":{"line":13,"column":11},"end":{"line":13,"column":73}},"type":"cond-expr","locations":[{"start":{"line":13,"column":36},"end":{"line":13,"column":41}},{"start":{"line":13,"column":44},"end":{"line":13,"column":73}}],"line":13}},"s":{"0":1,"1":1,"2":7,"3":7,"4":7,"5":7,"6":7},"f":{"0":1,"1":7},"b":{"0":[7],"1":[7,0],"2":[0,7]},"_coverageSchema":"332fd63041d2c1bcb487cc26dd0d5f7d97098a6c","hash":"af7ef1fd48a5fe4fd70c0f03d406a8b52ddcd66f"}
,"/Users/andy_zy/Documents/Projects/redditApp/src/utils/deviceOrientation.js": {"path":"/Users/andy_zy/Documents/Projects/redditApp/src/utils/deviceOrientation.js","statementMap":{"0":{"start":{"line":6,"column":28},"end":{"line":6,"column":52}},"1":{"start":{"line":8,"column":2},"end":{"line":8,"column":50}}},"fnMap":{"0":{"name":"(anonymous_0)","decl":{"start":{"line":5,"column":15},"end":{"line":5,"column":16}},"loc":{"start":{"line":5,"column":30},"end":{"line":9,"column":1}},"line":5}},"branchMap":{"0":{"loc":{"start":{"line":8,"column":9},"end":{"line":8,"column":50}},"type":"cond-expr","locations":[{"start":{"line":8,"column":26},"end":{"line":8,"column":37}},{"start":{"line":8,"column":40},"end":{"line":8,"column":50}}],"line":8}},"s":{"0":4,"1":4},"f":{"0":4},"b":{"0":[0,4]},"_coverageSchema":"332fd63041d2c1bcb487cc26dd0d5f7d97098a6c","hash":"a25cd7153fa0a9362851c7f3883e90b653c682eb"}
,"/Users/andy_zy/Documents/Projects/redditApp/src/utils/endpoints.js": {"path":"/Users/andy_zy/Documents/Projects/redditApp/src/utils/endpoints.js","statementMap":{"0":{"start":{"line":1,"column":13},"end":{"line":1,"column":37}},"1":{"start":{"line":2,"column":17},"end":{"line":2,"column":21}},"2":{"start":{"line":4,"column":18},"end":{"line":8,"column":1}},"3":{"start":{"line":6,"column":4},"end":{"line":6,"column":71}}},"fnMap":{"0":{"name":"(anonymous_0)","decl":{"start":{"line":5,"column":26},"end":{"line":5,"column":27}},"loc":{"start":{"line":6,"column":4},"end":{"line":6,"column":71}},"line":6}},"branchMap":{"0":{"loc":{"start":{"line":5,"column":37},"end":{"line":5,"column":49}},"type":"default-arg","locations":[{"start":{"line":5,"column":45},"end":{"line":5,"column":49}}],"line":5},"1":{"loc":{"start":{"line":5,"column":51},"end":{"line":5,"column":61}},"type":"default-arg","locations":[{"start":{"line":5,"column":59},"end":{"line":5,"column":61}}],"line":5}},"s":{"0":6,"1":6,"2":6,"3":8},"f":{"0":8},"b":{"0":[0],"1":[0]},"_coverageSchema":"332fd63041d2c1bcb487cc26dd0d5f7d97098a6c","hash":"cf108a61e7df9133f23c82b4efc7bf8bad070c16"}
,"/Users/andy_zy/Documents/Projects/redditApp/src/views/Articles/Articles.js": {"path":"/Users/andy_zy/Documents/Projects/redditApp/src/views/Articles/Articles.js","statementMap":{"0":{"start":{"line":24,"column":4},"end":{"line":24,"column":16}},"1":{"start":{"line":26,"column":4},"end":{"line":31,"column":5}},"2":{"start":{"line":35,"column":4},"end":{"line":35,"column":51}},"3":{"start":{"line":43,"column":8},"end":{"line":43,"column":18}},"4":{"start":{"line":48,"column":8},"end":{"line":48,"column":17}},"5":{"start":{"line":50,"column":4},"end":{"line":53,"column":6}},"6":{"start":{"line":55,"column":4},"end":{"line":57,"column":5}},"7":{"start":{"line":56,"column":6},"end":{"line":56,"column":62}},"8":{"start":{"line":60,"column":4},"end":{"line":62,"column":5}},"9":{"start":{"line":61,"column":6},"end":{"line":61,"column":59}},"10":{"start":{"line":66,"column":28},"end":{"line":66,"column":38}},"11":{"start":{"line":68,"column":4},"end":{"line":68,"column":95}},"12":{"start":{"line":72,"column":45},"end":{"line":72,"column":55}},"13":{"start":{"line":74,"column":4},"end":{"line":77,"column":5}},"14":{"start":{"line":75,"column":6},"end":{"line":75,"column":28}},"15":{"start":{"line":76,"column":6},"end":{"line":76,"column":36}},"16":{"start":{"line":80,"column":38},"end":{"line":84,"column":3}},"17":{"start":{"line":81,"column":4},"end":{"line":83,"column":6}},"18":{"start":{"line":87,"column":36},"end":{"line":87,"column":46}},"19":{"start":{"line":89,"column":4},"end":{"line":91,"column":6}},"20":{"start":{"line":93,"column":4},"end":{"line":105,"column":5}},"21":{"start":{"line":94,"column":27},"end":{"line":94,"column":49}},"22":{"start":{"line":96,"column":6},"end":{"line":99,"column":8}},"23":{"start":{"line":97,"column":45},"end":{"line":97,"column":77}},"24":{"start":{"line":98,"column":48},"end":{"line":98,"column":81}},"25":{"start":{"line":101,"column":6},"end":{"line":104,"column":8}},"26":{"start":{"line":109,"column":45},"end":{"line":109,"column":55}},"27":{"start":{"line":110,"column":22},"end":{"line":110,"column":32}},"28":{"start":{"line":111,"column":23},"end":{"line":111,"column":70}},"29":{"start":{"line":113,"column":4},"end":{"line":115,"column":5}},"30":{"start":{"line":114,"column":6},"end":{"line":114,"column":57}},"31":{"start":{"line":124,"column":8},"end":{"line":124,"column":18}},"32":{"start":{"line":131,"column":8},"end":{"line":131,"column":18}},"33":{"start":{"line":133,"column":4},"end":{"line":161,"column":5}}},"fnMap":{"0":{"name":"(anonymous_0)","decl":{"start":{"line":23,"column":2},"end":{"line":23,"column":3}},"loc":{"start":{"line":23,"column":29},"end":{"line":32,"column":3}},"line":23},"1":{"name":"(anonymous_1)","decl":{"start":{"line":34,"column":2},"end":{"line":34,"column":3}},"loc":{"start":{"line":34,"column":22},"end":{"line":36,"column":3}},"line":34},"2":{"name":"(anonymous_2)","decl":{"start":{"line":38,"column":2},"end":{"line":38,"column":3}},"loc":{"start":{"line":38,"column":47},"end":{"line":63,"column":3}},"line":38},"3":{"name":"(anonymous_3)","decl":{"start":{"line":65,"column":15},"end":{"line":65,"column":16}},"loc":{"start":{"line":65,"column":38},"end":{"line":69,"column":3}},"line":65},"4":{"name":"(anonymous_4)","decl":{"start":{"line":71,"column":23},"end":{"line":71,"column":24}},"loc":{"start":{"line":71,"column":43},"end":{"line":78,"column":3}},"line":71},"5":{"name":"(anonymous_5)","decl":{"start":{"line":74,"column":11},"end":{"line":74,"column":12}},"loc":{"start":{"line":74,"column":17},"end":{"line":77,"column":5}},"line":74},"6":{"name":"(anonymous_6)","decl":{"start":{"line":80,"column":19},"end":{"line":80,"column":20}},"loc":{"start":{"line":80,"column":38},"end":{"line":84,"column":3}},"line":80},"7":{"name":"(anonymous_7)","decl":{"start":{"line":80,"column":38},"end":{"line":80,"column":39}},"loc":{"start":{"line":80,"column":44},"end":{"line":84,"column":3}},"line":80},"8":{"name":"(anonymous_8)","decl":{"start":{"line":86,"column":17},"end":{"line":86,"column":18}},"loc":{"start":{"line":86,"column":36},"end":{"line":106,"column":3}},"line":86},"9":{"name":"(anonymous_9)","decl":{"start":{"line":97,"column":34},"end":{"line":97,"column":35}},"loc":{"start":{"line":97,"column":45},"end":{"line":97,"column":77}},"line":97},"10":{"name":"(anonymous_10)","decl":{"start":{"line":98,"column":36},"end":{"line":98,"column":37}},"loc":{"start":{"line":98,"column":48},"end":{"line":98,"column":81}},"line":98},"11":{"name":"(anonymous_11)","decl":{"start":{"line":108,"column":18},"end":{"line":108,"column":19}},"loc":{"start":{"line":108,"column":60},"end":{"line":116,"column":3}},"line":108},"12":{"name":"(anonymous_12)","decl":{"start":{"line":118,"column":2},"end":{"line":118,"column":3}},"loc":{"start":{"line":118,"column":11},"end":{"line":162,"column":3}},"line":118}},"branchMap":{"0":{"loc":{"start":{"line":55,"column":4},"end":{"line":57,"column":5}},"type":"if","locations":[{"start":{"line":55,"column":4},"end":{"line":57,"column":5}},{"start":{"line":55,"column":4},"end":{"line":57,"column":5}}],"line":55},"1":{"loc":{"start":{"line":55,"column":8},"end":{"line":55,"column":62}},"type":"binary-expr","locations":[{"start":{"line":55,"column":8},"end":{"line":55,"column":18}},{"start":{"line":55,"column":22},"end":{"line":55,"column":43}},{"start":{"line":55,"column":47},"end":{"line":55,"column":62}}],"line":55},"2":{"loc":{"start":{"line":60,"column":4},"end":{"line":62,"column":5}},"type":"if","locations":[{"start":{"line":60,"column":4},"end":{"line":62,"column":5}},{"start":{"line":60,"column":4},"end":{"line":62,"column":5}}],"line":60},"3":{"loc":{"start":{"line":60,"column":8},"end":{"line":60,"column":91}},"type":"binary-expr","locations":[{"start":{"line":60,"column":8},"end":{"line":60,"column":32}},{"start":{"line":60,"column":36},"end":{"line":60,"column":61}},{"start":{"line":60,"column":65},"end":{"line":60,"column":91}}],"line":60},"4":{"loc":{"start":{"line":93,"column":4},"end":{"line":105,"column":5}},"type":"if","locations":[{"start":{"line":93,"column":4},"end":{"line":105,"column":5}},{"start":{"line":93,"column":4},"end":{"line":105,"column":5}}],"line":93},"5":{"loc":{"start":{"line":93,"column":8},"end":{"line":93,"column":64}},"type":"binary-expr","locations":[{"start":{"line":93,"column":8},"end":{"line":93,"column":13}},{"start":{"line":93,"column":17},"end":{"line":93,"column":64}}],"line":93},"6":{"loc":{"start":{"line":111,"column":23},"end":{"line":111,"column":70}},"type":"cond-expr","locations":[{"start":{"line":111,"column":51},"end":{"line":111,"column":62}},{"start":{"line":111,"column":65},"end":{"line":111,"column":70}}],"line":111},"7":{"loc":{"start":{"line":113,"column":4},"end":{"line":115,"column":5}},"type":"if","locations":[{"start":{"line":113,"column":4},"end":{"line":115,"column":5}},{"start":{"line":113,"column":4},"end":{"line":115,"column":5}}],"line":113}},"s":{"0":15,"1":15,"2":15,"3":5,"4":5,"5":5,"6":5,"7":1,"8":5,"9":1,"10":1,"11":1,"12":3,"13":3,"14":2,"15":2,"16":2,"17":1,"18":2,"19":2,"20":2,"21":1,"22":1,"23":3,"24":1,"25":1,"26":17,"27":17,"28":17,"29":17,"30":17,"31":30,"32":30,"33":30},"f":{"0":15,"1":15,"2":5,"3":1,"4":3,"5":2,"6":2,"7":1,"8":2,"9":3,"10":1,"11":17,"12":30},"b":{"0":[1,4],"1":[5,1,1],"2":[1,4],"3":[5,4,1],"4":[1,1],"5":[2,1],"6":[2,15],"7":[17,0]},"_coverageSchema":"332fd63041d2c1bcb487cc26dd0d5f7d97098a6c","hash":"a866da6e36c249ba22e6f630c36a5518d36d12bd"}
,"/Users/andy_zy/Documents/Projects/redditApp/src/views/Articles/styles.js": {"path":"/Users/andy_zy/Documents/Projects/redditApp/src/views/Articles/styles.js","statementMap":{},"fnMap":{},"branchMap":{},"s":{},"f":{},"b":{},"_coverageSchema":"332fd63041d2c1bcb487cc26dd0d5f7d97098a6c","hash":"eea1d69de04a5acafccdf1d24357d09b59ad0124"}
,"/Users/andy_zy/Documents/Projects/redditApp/src/views/Articles/components/ArticleList.Animated.js": {"path":"/Users/andy_zy/Documents/Projects/redditApp/src/views/Articles/components/ArticleList.Animated.js","statementMap":{"0":{"start":{"line":17,"column":4},"end":{"line":17,"column":16}},"1":{"start":{"line":19,"column":22},"end":{"line":19,"column":46}},"2":{"start":{"line":21,"column":4},"end":{"line":23,"column":5}},"3":{"start":{"line":27,"column":27},"end":{"line":27,"column":37}},"4":{"start":{"line":29,"column":4},"end":{"line":32,"column":15}},"5":{"start":{"line":36,"column":27},"end":{"line":36,"column":37}},"6":{"start":{"line":38,"column":4},"end":{"line":42,"column":5}}},"fnMap":{"0":{"name":"(anonymous_0)","decl":{"start":{"line":16,"column":2},"end":{"line":16,"column":3}},"loc":{"start":{"line":16,"column":40},"end":{"line":24,"column":3}},"line":16},"1":{"name":"(anonymous_1)","decl":{"start":{"line":26,"column":2},"end":{"line":26,"column":3}},"loc":{"start":{"line":26,"column":22},"end":{"line":33,"column":3}},"line":26},"2":{"name":"(anonymous_2)","decl":{"start":{"line":35,"column":2},"end":{"line":35,"column":3}},"loc":{"start":{"line":35,"column":11},"end":{"line":43,"column":3}},"line":35}},"branchMap":{},"s":{"0":0,"1":0,"2":0,"3":0,"4":0,"5":0,"6":0},"f":{"0":0,"1":0,"2":0},"b":{},"_coverageSchema":"332fd63041d2c1bcb487cc26dd0d5f7d97098a6c","hash":"e1a20caa57c04a798aab9288dbe4d35cd869810b"}
,"/Users/andy_zy/Documents/Projects/redditApp/src/views/Articles/components/ArticleList.js": {"path":"/Users/andy_zy/Documents/Projects/redditApp/src/views/Articles/components/ArticleList.js","statementMap":{"0":{"start":{"line":16,"column":21},"end":{"line":16,"column":48}},"1":{"start":{"line":16,"column":41},"end":{"line":16,"column":48}},"2":{"start":{"line":18,"column":26},"end":{"line":18,"column":65}},"3":{"start":{"line":18,"column":32},"end":{"line":18,"column":65}},"4":{"start":{"line":20,"column":20},"end":{"line":55,"column":1}},"5":{"start":{"line":28,"column":2},"end":{"line":54,"column":9}}},"fnMap":{"0":{"name":"(anonymous_0)","decl":{"start":{"line":16,"column":21},"end":{"line":16,"column":22}},"loc":{"start":{"line":16,"column":41},"end":{"line":16,"column":48}},"line":16},"1":{"name":"(anonymous_1)","decl":{"start":{"line":18,"column":26},"end":{"line":18,"column":27}},"loc":{"start":{"line":18,"column":32},"end":{"line":18,"column":65}},"line":18},"2":{"name":"(anonymous_2)","decl":{"start":{"line":20,"column":20},"end":{"line":20,"column":21}},"loc":{"start":{"line":28,"column":2},"end":{"line":54,"column":9}},"line":28}},"branchMap":{"0":{"loc":{"start":{"line":41,"column":22},"end":{"line":41,"column":53}},"type":"binary-expr","locations":[{"start":{"line":41,"column":22},"end":{"line":41,"column":33}},{"start":{"line":41,"column":37},"end":{"line":41,"column":53}}],"line":41}},"s":{"0":5,"1":4,"2":5,"3":2,"4":5,"5":5},"f":{"0":4,"1":2,"2":5},"b":{"0":[5,4]},"_coverageSchema":"332fd63041d2c1bcb487cc26dd0d5f7d97098a6c","hash":"02939924d4c9f758a6dff1dea9ff3cd16c30c3ba"}
,"/Users/andy_zy/Documents/Projects/redditApp/src/views/Articles/components/ListItem.js": {"path":"/Users/andy_zy/Documents/Projects/redditApp/src/views/Articles/components/ListItem.js","statementMap":{"0":{"start":{"line":18,"column":32},"end":{"line":32,"column":1}},"1":{"start":{"line":19,"column":29},"end":{"line":19,"column":66}},"2":{"start":{"line":21,"column":2},"end":{"line":23,"column":3}},"3":{"start":{"line":22,"column":4},"end":{"line":22,"column":15}},"4":{"start":{"line":25,"column":21},"end":{"line":25,"column":43}},"5":{"start":{"line":31,"column":2},"end":{"line":31,"column":25}},"6":{"start":{"line":34,"column":17},"end":{"line":66,"column":1}},"7":{"start":{"line":35,"column":30},"end":{"line":35,"column":56}},"8":{"start":{"line":36,"column":37},"end":{"line":36,"column":74}},"9":{"start":{"line":38,"column":2},"end":{"line":65,"column":3}}},"fnMap":{"0":{"name":"(anonymous_0)","decl":{"start":{"line":18,"column":32},"end":{"line":18,"column":33}},"loc":{"start":{"line":18,"column":42},"end":{"line":32,"column":1}},"line":18},"1":{"name":"(anonymous_1)","decl":{"start":{"line":34,"column":17},"end":{"line":34,"column":18}},"loc":{"start":{"line":34,"column":69},"end":{"line":66,"column":1}},"line":34}},"branchMap":{"0":{"loc":{"start":{"line":19,"column":29},"end":{"line":19,"column":66}},"type":"binary-expr","locations":[{"start":{"line":19,"column":29},"end":{"line":19,"column":33}},{"start":{"line":19,"column":37},"end":{"line":19,"column":48}},{"start":{"line":19,"column":52},"end":{"line":19,"column":66}}],"line":19},"1":{"loc":{"start":{"line":21,"column":2},"end":{"line":23,"column":3}},"type":"if","locations":[{"start":{"line":21,"column":2},"end":{"line":23,"column":3}},{"start":{"line":21,"column":2},"end":{"line":23,"column":3}}],"line":21},"2":{"loc":{"start":{"line":40,"column":48},"end":{"line":40,"column":75}},"type":"binary-expr","locations":[{"start":{"line":40,"column":48},"end":{"line":40,"column":59}},{"start":{"line":40,"column":63},"end":{"line":40,"column":75}}],"line":40},"3":{"loc":{"start":{"line":41,"column":40},"end":{"line":41,"column":90}},"type":"cond-expr","locations":[{"start":{"line":41,"column":53},"end":{"line":41,"column":70}},{"start":{"line":41,"column":73},"end":{"line":41,"column":90}}],"line":41},"4":{"loc":{"start":{"line":43,"column":12},"end":{"line":56,"column":13}},"type":"cond-expr","locations":[{"start":{"line":44,"column":14},"end":{"line":53,"column":16}},{"start":{"line":55,"column":14},"end":{"line":55,"column":105}}],"line":43},"5":{"loc":{"start":{"line":59,"column":44},"end":{"line":59,"column":80}},"type":"binary-expr","locations":[{"start":{"line":59,"column":44},"end":{"line":59,"column":55}},{"start":{"line":59,"column":59},"end":{"line":59,"column":80}}],"line":59}},"s":{"0":5,"1":2,"2":2,"3":2,"4":0,"5":0,"6":5,"7":2,"8":2,"9":2},"f":{"0":2,"1":2},"b":{"0":[2,2,0],"1":[2,0],"2":[2,0],"3":[2,0],"4":[0,2],"5":[2,0]},"_coverageSchema":"332fd63041d2c1bcb487cc26dd0d5f7d97098a6c","hash":"201691f010d99cb5891eb6f70ef14dc8ae99bca2"}
,"/Users/andy_zy/Documents/Projects/redditApp/src/views/Articles/components/Search.js": {"path":"/Users/andy_zy/Documents/Projects/redditApp/src/views/Articles/components/Search.js","statementMap":{"0":{"start":{"line":12,"column":15},"end":{"line":21,"column":1}},"1":{"start":{"line":13,"column":2},"end":{"line":20,"column":9}}},"fnMap":{"0":{"name":"(anonymous_0)","decl":{"start":{"line":12,"column":15},"end":{"line":12,"column":16}},"loc":{"start":{"line":13,"column":2},"end":{"line":20,"column":9}},"line":13}},"branchMap":{},"s":{"0":5,"1":2},"f":{"0":2},"b":{},"_coverageSchema":"332fd63041d2c1bcb487cc26dd0d5f7d97098a6c","hash":"679f475cc1e06220b24dbc40b00a4db39af4c35f"}
,"/Users/andy_zy/Documents/Projects/redditApp/src/views/Articles/components/Tabs.js": {"path":"/Users/andy_zy/Documents/Projects/redditApp/src/views/Articles/components/Tabs.js","statementMap":{"0":{"start":{"line":13,"column":16},"end":{"line":13,"column":40}},"1":{"start":{"line":15,"column":13},"end":{"line":29,"column":1}},"2":{"start":{"line":16,"column":2},"end":{"line":28,"column":9}},"3":{"start":{"line":19,"column":8},"end":{"line":25,"column":29}}},"fnMap":{"0":{"name":"(anonymous_0)","decl":{"start":{"line":15,"column":13},"end":{"line":15,"column":14}},"loc":{"start":{"line":16,"column":2},"end":{"line":28,"column":9}},"line":16},"1":{"name":"(anonymous_1)","decl":{"start":{"line":18,"column":18},"end":{"line":18,"column":19}},"loc":{"start":{"line":19,"column":8},"end":{"line":25,"column":29}},"line":19}},"branchMap":{"0":{"loc":{"start":{"line":15,"column":16},"end":{"line":15,"column":31}},"type":"default-arg","locations":[{"start":{"line":15,"column":30},"end":{"line":15,"column":31}}],"line":15},"1":{"loc":{"start":{"line":22,"column":30},"end":{"line":22,"column":60}},"type":"binary-expr","locations":[{"start":{"line":22,"column":30},"end":{"line":22,"column":41}},{"start":{"line":22,"column":45},"end":{"line":22,"column":60}}],"line":22},"2":{"loc":{"start":{"line":22,"column":62},"end":{"line":22,"column":103}},"type":"binary-expr","locations":[{"start":{"line":22,"column":62},"end":{"line":22,"column":83}},{"start":{"line":22,"column":87},"end":{"line":22,"column":103}}],"line":22}},"s":{"0":5,"1":5,"2":2,"3":4},"f":{"0":2,"1":4},"b":{"0":[0],"1":[4,2],"2":[4,2]},"_coverageSchema":"332fd63041d2c1bcb487cc26dd0d5f7d97098a6c","hash":"cd3c5122148ac0938660a9e58bfa470764890052"}
,"/Users/andy_zy/Documents/Projects/redditApp/src/views/Articles/components/index.js": {"path":"/Users/andy_zy/Documents/Projects/redditApp/src/views/Articles/components/index.js","statementMap":{},"fnMap":{},"branchMap":{},"s":{},"f":{},"b":{},"_coverageSchema":"332fd63041d2c1bcb487cc26dd0d5f7d97098a6c","hash":"d1ef9ec808f2f263b76343497930b358196c691b"}
,"/Users/andy_zy/Documents/Projects/redditApp/src/views/Browser/Browser.js": {"path":"/Users/andy_zy/Documents/Projects/redditApp/src/views/Browser/Browser.js","statementMap":{"0":{"start":{"line":16,"column":30},"end":{"line":16,"column":40}},"1":{"start":{"line":18,"column":4},"end":{"line":20,"column":5}}},"fnMap":{"0":{"name":"(anonymous_0)","decl":{"start":{"line":15,"column":2},"end":{"line":15,"column":3}},"loc":{"start":{"line":15,"column":11},"end":{"line":21,"column":3}},"line":15}},"branchMap":{},"s":{"0":1,"1":1},"f":{"0":1},"b":{},"_coverageSchema":"332fd63041d2c1bcb487cc26dd0d5f7d97098a6c","hash":"ba0cc6482f7d6bcc3467a00918dcde666a0b28d1"}
,"/Users/andy_zy/Documents/Projects/redditApp/src/views/Error/Error.js": {"path":"/Users/andy_zy/Documents/Projects/redditApp/src/views/Error/Error.js","statementMap":{"0":{"start":{"line":21,"column":48},"end":{"line":21,"column":58}},"1":{"start":{"line":23,"column":4},"end":{"line":31,"column":5}}},"fnMap":{"0":{"name":"(anonymous_0)","decl":{"start":{"line":20,"column":2},"end":{"line":20,"column":3}},"loc":{"start":{"line":20,"column":11},"end":{"line":32,"column":3}},"line":20}},"branchMap":{"0":{"loc":{"start":{"line":21,"column":12},"end":{"line":21,"column":43}},"type":"default-arg","locations":[{"start":{"line":21,"column":20},"end":{"line":21,"column":43}}],"line":21}},"s":{"0":1,"1":1},"f":{"0":1},"b":{"0":[0]},"_coverageSchema":"332fd63041d2c1bcb487cc26dd0d5f7d97098a6c","hash":"6d1954c9fee301d9e7303fc5ff5dea6396bb8b0a"}
,"/Users/andy_zy/Documents/Projects/redditApp/src/views/Error/styles.js": {"path":"/Users/andy_zy/Documents/Projects/redditApp/src/views/Error/styles.js","statementMap":{},"fnMap":{},"branchMap":{},"s":{},"f":{},"b":{},"_coverageSchema":"332fd63041d2c1bcb487cc26dd0d5f7d97098a6c","hash":"b2db2b165c4867340f752ee7fe894d09ff869a68"}
}
