TN:
SF:/Users/andy_zy/Documents/Projects/redditApp/config/enzyme.js
FNF:0
FNH:0
DA:4,12
LF:1
LH:1
BRF:0
BRH:0
end_of_record
TN:
SF:/Users/andy_zy/Documents/Projects/redditApp/src/components/index.js
FNF:0
FNH:0
LF:0
LH:0
BRF:0
BRH:0
end_of_record
TN:
SF:/Users/andy_zy/Documents/Projects/redditApp/src/components/Favorite/Favorite.container.js
FN:7,(anonymous_0)
FN:17,(anonymous_1)
FN:20,(anonymous_2)
FNF:3
FNH:0
FNDA:0,(anonymous_0)
FNDA:0,(anonymous_1)
FNDA:0,(anonymous_2)
DA:7,5
DA:12,5
DA:17,5
DA:18,0
DA:19,0
DA:20,0
DA:23,0
LF:7
LH:3
BRDA:18,0,0,0
BRDA:18,0,1,0
BRDA:19,1,0,0
BRDA:19,1,1,0
BRDA:20,2,0,0
BRDA:20,2,1,0
BRF:6
BRH:0
end_of_record
TN:
SF:/Users/andy_zy/Documents/Projects/redditApp/src/components/Favorite/Favorite.js
FN:12,(anonymous_0)
FNF:1
FNH:1
FNDA:4,(anonymous_0)
DA:12,7
DA:13,4
LF:2
LH:2
BRDA:15,0,0,1
BRDA:15,0,1,3
BRF:2
BRH:2
end_of_record
TN:
SF:/Users/andy_zy/Documents/Projects/redditApp/src/components/Favorite/index.js
FNF:0
FNH:0
LF:0
LH:0
BRF:0
BRH:0
end_of_record
TN:
SF:/Users/andy_zy/Documents/Projects/redditApp/src/components/Favorite/styles.js
FNF:0
FNH:0
LF:0
LH:0
BRF:0
BRH:0
end_of_record
TN:
SF:/Users/andy_zy/Documents/Projects/redditApp/src/components/OrientationHOC/OrientationHOC.js
FN:11,(anonymous_0)
FN:15,(anonymous_1)
FN:23,(anonymous_2)
FN:29,(anonymous_3)
FNF:4
FNH:4
FNDA:4,(anonymous_0)
FNDA:3,(anonymous_1)
FNDA:1,(anonymous_2)
FNDA:5,(anonymous_3)
DA:11,4
DA:16,3
DA:18,3
DA:24,1
DA:30,5
DA:32,5
LF:6
LH:6
BRF:0
BRH:0
end_of_record
TN:
SF:/Users/andy_zy/Documents/Projects/redditApp/src/components/OrientationHOC/index.js
FNF:0
FNH:0
LF:0
LH:0
BRF:0
BRH:0
end_of_record
TN:
SF:/Users/andy_zy/Documents/Projects/redditApp/src/domain/actions.js
FN:5,(anonymous_0)
FN:5,(anonymous_1)
FN:11,(anonymous_2)
FN:12,(anonymous_3)
FN:25,(anonymous_4)
FN:33,(anonymous_5)
FN:37,(anonymous_6)
FN:42,(anonymous_7)
FN:47,(anonymous_8)
FNF:9
FNH:9
FNDA:7,(anonymous_0)
FNDA:6,(anonymous_1)
FNDA:3,(anonymous_2)
FNDA:3,(anonymous_3)
FNDA:3,(anonymous_4)
FNDA:1,(anonymous_5)
FNDA:1,(anonymous_6)
FNDA:1,(anonymous_7)
FNDA:1,(anonymous_8)
DA:5,7
DA:6,6
DA:10,6
DA:11,3
DA:13,3
DA:14,3
DA:19,0
DA:26,3
DA:33,6
DA:37,6
DA:42,6
DA:47,6
LF:12
LH:11
BRDA:13,0,0,3
BRDA:13,0,1,0
BRDA:13,1,0,3
BRDA:13,1,1,3
BRDA:21,2,0,0
BRDA:21,2,1,0
BRF:6
BRH:3
end_of_record
TN:
SF:/Users/andy_zy/Documents/Projects/redditApp/src/domain/constants.js
FNF:0
FNH:0
LF:0
LH:0
BRF:0
BRH:0
end_of_record
TN:
SF:/Users/andy_zy/Documents/Projects/redditApp/src/domain/reducers.js
FN:18,(anonymous_0)
FN:19,(anonymous_1)
FN:20,(anonymous_2)
FN:27,(anonymous_3)
FN:34,(anonymous_4)
FN:39,(anonymous_5)
FN:41,(anonymous_6)
FN:48,(anonymous_7)
FNF:8
FNH:8
FNDA:1,(anonymous_0)
FNDA:1,(anonymous_1)
FNDA:1,(anonymous_2)
FNDA:2,(anonymous_3)
FNDA:1,(anonymous_4)
FNDA:1,(anonymous_5)
FNDA:1,(anonymous_6)
FNDA:1,(anonymous_7)
DA:8,1
DA:17,1
DA:18,1
DA:19,1
DA:21,1
DA:23,1
DA:27,2
DA:34,1
DA:39,1
DA:41,1
DA:49,1
DA:51,1
DA:53,1
LF:13
LH:13
BRF:0
BRH:0
end_of_record
TN:
SF:/Users/andy_zy/Documents/Projects/redditApp/src/domain/selectors.js
FN:1,(anonymous_0)
FN:2,(anonymous_1)
FN:3,(anonymous_2)
FN:4,(anonymous_3)
FN:5,(anonymous_4)
FN:6,(anonymous_5)
FN:7,(anonymous_6)
FNF:7
FNH:7
FNDA:1,(anonymous_0)
FNDA:1,(anonymous_1)
FNDA:1,(anonymous_2)
FNDA:1,(anonymous_3)
FNDA:1,(anonymous_4)
FNDA:1,(anonymous_5)
FNDA:1,(anonymous_6)
DA:1,6
DA:2,6
DA:3,6
DA:4,6
DA:5,6
DA:6,6
DA:7,6
LF:7
LH:7
BRF:0
BRH:0
end_of_record
TN:
SF:/Users/andy_zy/Documents/Projects/redditApp/src/images/No_Image_Available.png
FNF:0
FNH:0
DA:1,1
LF:1
LH:1
BRF:0
BRH:0
end_of_record
TN:
SF:/Users/andy_zy/Documents/Projects/redditApp/src/images/marked_favorite.png
FNF:0
FNH:0
DA:1,1
LF:1
LH:1
BRF:0
BRH:0
end_of_record
TN:
SF:/Users/andy_zy/Documents/Projects/redditApp/src/images/oops.png
FNF:0
FNH:0
DA:1,1
LF:1
LH:1
BRF:0
BRH:0
end_of_record
TN:
SF:/Users/andy_zy/Documents/Projects/redditApp/src/images/unmarked_favorite.png
FNF:0
FNH:0
DA:1,2
LF:1
LH:1
BRF:0
BRH:0
end_of_record
TN:
SF:/Users/andy_zy/Documents/Projects/redditApp/src/services/api.js
FN:6,(anonymous_0)
FNF:1
FNH:0
FNDA:0,(anonymous_0)
DA:5,6
DA:6,0
LF:2
LH:1
BRF:0
BRH:0
end_of_record
TN:
SF:/Users/andy_zy/Documents/Projects/redditApp/src/styles/index.js
FNF:0
FNH:0
LF:0
LH:0
BRF:0
BRH:0
end_of_record
TN:
SF:/Users/andy_zy/Documents/Projects/redditApp/src/styles/layout.js
FNF:0
FNH:0
LF:0
LH:0
BRF:0
BRH:0
end_of_record
TN:
SF:/Users/andy_zy/Documents/Projects/redditApp/src/utils/createReducer.js
FN:4,(anonymous_0)
FN:5,(anonymous_1)
FNF:2
FNH:2
FNDA:1,(anonymous_0)
FNDA:7,(anonymous_1)
DA:4,1
DA:5,1
DA:6,7
DA:7,7
DA:9,7
DA:10,7
DA:13,7
LF:7
LH:7
BRDA:5,0,0,7
BRDA:9,1,0,7
BRDA:9,1,1,0
BRDA:13,2,0,0
BRDA:13,2,1,7
BRF:5
BRH:3
end_of_record
TN:
SF:/Users/andy_zy/Documents/Projects/redditApp/src/utils/deviceOrientation.js
FN:5,(anonymous_0)
FNF:1
FNH:1
FNDA:4,(anonymous_0)
DA:6,4
DA:8,4
LF:2
LH:2
BRDA:8,0,0,0
BRDA:8,0,1,4
BRF:2
BRH:1
end_of_record
TN:
SF:/Users/andy_zy/Documents/Projects/redditApp/src/utils/endpoints.js
FN:5,(anonymous_0)
FNF:1
FNH:1
FNDA:8,(anonymous_0)
DA:1,6
DA:2,6
DA:4,6
DA:6,8
LF:4
LH:4
BRDA:5,0,0,0
BRDA:5,1,0,0
BRF:2
BRH:0
end_of_record
TN:
SF:/Users/andy_zy/Documents/Projects/redditApp/src/views/Articles/Articles.js
FN:23,(anonymous_0)
FN:34,(anonymous_1)
FN:38,(anonymous_2)
FN:65,(anonymous_3)
FN:71,(anonymous_4)
FN:74,(anonymous_5)
FN:80,(anonymous_6)
FN:80,(anonymous_7)
FN:86,(anonymous_8)
FN:97,(anonymous_9)
FN:98,(anonymous_10)
FN:108,(anonymous_11)
FN:118,(anonymous_12)
FNF:13
FNH:13
FNDA:15,(anonymous_0)
FNDA:15,(anonymous_1)
FNDA:5,(anonymous_2)
FNDA:1,(anonymous_3)
FNDA:3,(anonymous_4)
FNDA:2,(anonymous_5)
FNDA:2,(anonymous_6)
FNDA:1,(anonymous_7)
FNDA:2,(anonymous_8)
FNDA:3,(anonymous_9)
FNDA:1,(anonymous_10)
FNDA:17,(anonymous_11)
FNDA:30,(anonymous_12)
DA:24,15
DA:26,15
DA:35,15
DA:43,5
DA:48,5
DA:50,5
DA:55,5
DA:56,1
DA:60,5
DA:61,1
DA:66,1
DA:68,1
DA:72,3
DA:74,3
DA:75,2
DA:76,2
DA:80,2
DA:81,1
DA:87,2
DA:89,2
DA:93,2
DA:94,1
DA:96,1
DA:97,3
DA:98,1
DA:101,1
DA:109,17
DA:110,17
DA:111,17
DA:113,17
DA:114,17
DA:124,30
DA:131,30
DA:133,30
LF:34
LH:34
BRDA:55,0,0,1
BRDA:55,0,1,4
BRDA:55,1,0,5
BRDA:55,1,1,1
BRDA:55,1,2,1
BRDA:60,2,0,1
BRDA:60,2,1,4
BRDA:60,3,0,5
BRDA:60,3,1,4
BRDA:60,3,2,1
BRDA:93,4,0,1
BRDA:93,4,1,1
BRDA:93,5,0,2
BRDA:93,5,1,1
BRDA:111,6,0,2
BRDA:111,6,1,15
BRDA:113,7,0,17
BRDA:113,7,1,0
BRF:18
BRH:17
end_of_record
TN:
SF:/Users/andy_zy/Documents/Projects/redditApp/src/views/Articles/styles.js
FNF:0
FNH:0
LF:0
LH:0
BRF:0
BRH:0
end_of_record
TN:
SF:/Users/andy_zy/Documents/Projects/redditApp/src/views/Articles/components/ArticleList.Animated.js
FN:16,(anonymous_0)
FN:26,(anonymous_1)
FN:35,(anonymous_2)
FNF:3
FNH:0
FNDA:0,(anonymous_0)
FNDA:0,(anonymous_1)
FNDA:0,(anonymous_2)
DA:17,0
DA:19,0
DA:21,0
DA:27,0
DA:29,0
DA:36,0
DA:38,0
LF:7
LH:0
BRF:0
BRH:0
end_of_record
TN:
SF:/Users/andy_zy/Documents/Projects/redditApp/src/views/Articles/components/ArticleList.js
FN:16,(anonymous_0)
FN:18,(anonymous_1)
FN:20,(anonymous_2)
FNF:3
FNH:3
FNDA:4,(anonymous_0)
FNDA:2,(anonymous_1)
FNDA:5,(anonymous_2)
DA:16,5
DA:18,5
DA:20,5
DA:28,5
LF:4
LH:4
BRDA:41,0,0,5
BRDA:41,0,1,4
BRF:2
BRH:2
end_of_record
TN:
SF:/Users/andy_zy/Documents/Projects/redditApp/src/views/Articles/components/ListItem.js
FN:18,(anonymous_0)
FN:34,(anonymous_1)
FNF:2
FNH:2
FNDA:2,(anonymous_0)
FNDA:2,(anonymous_1)
DA:18,5
DA:19,2
DA:21,2
DA:22,2
DA:25,0
DA:31,0
DA:34,5
DA:35,2
DA:36,2
DA:38,2
LF:10
LH:8
BRDA:19,0,0,2
BRDA:19,0,1,2
BRDA:19,0,2,0
BRDA:21,1,0,2
BRDA:21,1,1,0
BRDA:40,2,0,2
BRDA:40,2,1,0
BRDA:41,3,0,2
BRDA:41,3,1,0
BRDA:43,4,0,0
BRDA:43,4,1,2
BRDA:59,5,0,2
BRDA:59,5,1,0
BRF:13
BRH:7
end_of_record
TN:
SF:/Users/andy_zy/Documents/Projects/redditApp/src/views/Articles/components/Search.js
FN:12,(anonymous_0)
FNF:1
FNH:1
FNDA:2,(anonymous_0)
DA:12,5
DA:13,2
LF:2
LH:2
BRF:0
BRH:0
end_of_record
TN:
SF:/Users/andy_zy/Documents/Projects/redditApp/src/views/Articles/components/Tabs.js
FN:15,(anonymous_0)
FN:18,(anonymous_1)
FNF:2
FNH:2
FNDA:2,(anonymous_0)
FNDA:4,(anonymous_1)
DA:13,5
DA:15,5
DA:16,2
DA:19,4
LF:4
LH:4
BRDA:15,0,0,0
BRDA:22,1,0,4
BRDA:22,1,1,2
BRDA:22,2,0,4
BRDA:22,2,1,2
BRF:5
BRH:4
end_of_record
TN:
SF:/Users/andy_zy/Documents/Projects/redditApp/src/views/Articles/components/index.js
FNF:0
FNH:0
LF:0
LH:0
BRF:0
BRH:0
end_of_record
TN:
SF:/Users/andy_zy/Documents/Projects/redditApp/src/views/Browser/Browser.js
FN:15,(anonymous_0)
FNF:1
FNH:1
FNDA:1,(anonymous_0)
DA:16,1
DA:18,1
LF:2
LH:2
BRF:0
BRH:0
end_of_record
TN:
SF:/Users/andy_zy/Documents/Projects/redditApp/src/views/Error/Error.js
FN:20,(anonymous_0)
FNF:1
FNH:1
FNDA:1,(anonymous_0)
DA:21,1
DA:23,1
LF:2
LH:2
BRDA:21,0,0,0
BRF:1
BRH:0
end_of_record
TN:
SF:/Users/andy_zy/Documents/Projects/redditApp/src/views/Error/styles.js
FNF:0
FNH:0
LF:0
LH:0
BRF:0
BRH:0
end_of_record
